[11/Jan/2016 10:52:55 ] settings     INFO     Welcome to Hue 3.7.0
[11/Jan/2016 15:52:55 +0000] __init__     WARNING  Couldn't import snappy. Support for snappy compression disabled.
[11/Jan/2016 15:52:55 +0000] <console>    INFO     HUE_CONF_DIR: /var/run/cloudera-scm-agent/process/3812-hue-HUE_SERVER
[11/Jan/2016 15:52:55 +0000] <console>    INFO     Cleaning up anything in the Hue tables oozie*, desktop* and beeswax* older than 7 old
[11/Jan/2016 15:52:56 +0000] <console>    INFO     Looping through querys. 26693 querys to be deleted.
[11/Jan/2016 15:52:56 +0000] <console>    INFO     SavedQuerys left: 26693
[11/Jan/2016 15:52:56 +0000] <console>    INFO     Non Fatal Exception: DatabaseError: too many SQL variables
[11/Jan/2016 15:52:56 +0000] <console>    INFO     Decreasing max delete records for SavedQuerys to: 899
[11/Jan/2016 15:52:56 +0000] <console>    INFO     SavedQuerys left: 26693
[11/Jan/2016 15:52:58 +0000] <console>    INFO     SavedQuerys left: 25794
[11/Jan/2016 15:52:59 +0000] <console>    INFO     SavedQuerys left: 24895
[11/Jan/2016 15:53:00 +0000] <console>    INFO     SavedQuerys left: 23996
[11/Jan/2016 15:53:01 +0000] <console>    INFO     SavedQuerys left: 23097
[11/Jan/2016 15:53:02 +0000] <console>    INFO     SavedQuerys left: 22198
[11/Jan/2016 15:53:03 +0000] <console>    INFO     SavedQuerys left: 21299
[11/Jan/2016 15:53:04 +0000] <console>    INFO     SavedQuerys left: 20400
[11/Jan/2016 15:53:05 +0000] <console>    INFO     SavedQuerys left: 19501
[11/Jan/2016 15:53:05 +0000] <console>    INFO     SavedQuerys left: 18602
[11/Jan/2016 15:53:06 +0000] <console>    INFO     SavedQuerys left: 17703
[11/Jan/2016 15:53:07 +0000] <console>    INFO     SavedQuerys left: 16804
[11/Jan/2016 15:53:08 +0000] <console>    INFO     SavedQuerys left: 15905
[11/Jan/2016 15:53:09 +0000] <console>    INFO     SavedQuerys left: 15006
[11/Jan/2016 15:53:10 +0000] <console>    INFO     SavedQuerys left: 14107
[11/Jan/2016 15:53:10 +0000] <console>    INFO     SavedQuerys left: 13208
[11/Jan/2016 15:53:11 +0000] <console>    INFO     SavedQuerys left: 12309
[11/Jan/2016 15:53:12 +0000] <console>    INFO     SavedQuerys left: 11410
[11/Jan/2016 15:53:13 +0000] <console>    INFO     SavedQuerys left: 10511
[11/Jan/2016 15:53:14 +0000] <console>    INFO     SavedQuerys left: 9612
[11/Jan/2016 15:53:14 +0000] <console>    INFO     SavedQuerys left: 8713
[11/Jan/2016 15:53:15 +0000] <console>    INFO     SavedQuerys left: 7814
[11/Jan/2016 15:53:16 +0000] <console>    INFO     SavedQuerys left: 6915
[11/Jan/2016 15:53:17 +0000] <console>    INFO     SavedQuerys left: 6016
[11/Jan/2016 15:53:17 +0000] <console>    INFO     SavedQuerys left: 5117
[11/Jan/2016 15:53:18 +0000] <console>    INFO     SavedQuerys left: 4218
[11/Jan/2016 15:53:19 +0000] <console>    INFO     SavedQuerys left: 3319
[11/Jan/2016 15:53:20 +0000] <console>    INFO     SavedQuerys left: 2420
[11/Jan/2016 15:53:20 +0000] <console>    INFO     SavedQuerys left: 1521
[11/Jan/2016 15:53:21 +0000] <console>    INFO     SavedQuerys left: 622
